[debug] [2020-09-08T19:16:52.605Z] ----------------------------------------------------------------------
[debug] [2020-09-08T19:16:52.609Z] Command:       C:\Program Files\nodejs\node.exe C:\Users\hp\AppData\Roaming\npm\node_modules\firebase-tools\lib\bin\firebase.js init
[debug] [2020-09-08T19:16:52.609Z] CLI Version:   8.10.0
[debug] [2020-09-08T19:16:52.609Z] Platform:      win32
[debug] [2020-09-08T19:16:52.609Z] Node Version:  v12.18.2
[debug] [2020-09-08T19:16:52.610Z] Time:          Tue Sep 08 2020 12:16:52 GMT-0700 (Pacific Daylight Time)
[debug] [2020-09-08T19:16:52.610Z] ----------------------------------------------------------------------
[debug] [2020-09-08T19:16:52.611Z] 
[debug] [2020-09-08T19:16:52.624Z] > command requires scopes: ["email","openid","https://www.googleapis.com/auth/cloudplatformprojects.readonly","https://www.googleapis.com/auth/firebase","https://www.googleapis.com/auth/cloud-platform"]
[debug] [2020-09-08T19:16:52.625Z] > authorizing via signed-in user
[info] 
     ######## #### ########  ######## ########     ###     ######  ########
     ##        ##  ##     ## ##       ##     ##  ##   ##  ##       ##
     ######    ##  ########  ######   ########  #########  ######  ######
     ##        ##  ##    ##  ##       ##     ## ##     ##       ## ##
     ##       #### ##     ## ######## ########  ##     ##  ######  ########

You're about to initialize a Firebase project in this directory:

  C:\Projects\o-firegram\src

Before we get started, keep in mind:

  * You are currently outside your home directory

[info] 
=== Project Setup
[info] 
[info] First, let's associate this project directory with a Firebase project.
[info] You can create multiple project aliases by running firebase use --add, 
[info] but for now we'll just set up a default project.
[info] 
[info] 
=== Hosting Setup
[info] 
[info] Your public directory is the folder (relative to your project directory) that
[info] will contain Hosting assets to be uploaded with firebase deploy. If you
[info] have a build process for your assets, use your build's output directory.
[info] 
